-88.2923,-95.451,-145.684,-95.451,-99.3213,-136.959,-137.522,-88.9934,-64.8508,-70.375,-79.5699,-70.375
-91.6894,-142.969,-92.7662,-139.635,-142.559,-90.0114,-89.4479,-141.734,-70.1452,-70.1452,-131.723,-74.6809
-82.1484,-87.9097,-144.049,-91.3433,-144.837,-90.7724,-140.904,-141.991,-74.3198,-68.7957,-77.6696,-77.6696
-89.8511,-93.201,-152.759,-140.298,-90.0648,-145.968,-143.824,-144.387,-132.824,-71.7162,-77.2403,-83.0016
-93.2347,-85.0527,-96.7562,-91.0325,-91.0325,-142.991,-141.449,-139.325,-130.856,-69.2788,-69.2788,-132.407
-146.138,-143.181,-155.871,-95.935,-92.6814,-146.223,-90.1358,-140.267,-82.8782,-73.6832,-68.1591,-135.584
-103.601,-88.5498,-155.134,-100.199,-140.955,-146.434,-140.389,-139.302,-135.626,-76.0679,-67.194,-136.516
-148.249,-85.0389,-151.611,-142.733,-88.3162,-149.362,-138.757,-86.4707,-84.2801,-128.745,-67.168,-135.981
-142.614,-84.0626,-99.3311,-139.791,-84.983,-146.036,-143.532,-141.621,-90.2893,-135.216,-127.102,-141.621
-94.0262,-139.08,-101.317,-147.952,-143.355,-151.606,-146.33,-142.02,-142.511,-137.257,-77.6987,-142.972
-148.422,-140.81,-86.0983,-139.521,-142.393,-136.622,-86.4148,-139.618,-68.5095,-73.0452,-132.928,-68.5095
-84.6875,-93.2321,-145.029,-145.029,-148.756,-145.664,-90.2465,-92.3771,-74.6499,-74.6499,-83.1945,-127.451
-92.3483,-94.5555,-98.5194,-96.7616,-99.9806,-95.0771,-141.937,-143.279,-78.3601,-73.8244,-81.3246,-130.839
-81.8609,-138.875,-146.279,-140.566,-90.4523,-143.404,-140.735,-141.435,-80.1223,-72.6221,-77.1578,-80.1223
-91.6522,-89.0787,-101.846,-95.4434,-95.4434,-141.974,-89.1251,-138.59,-132.366,-72.0245,-72.0245,-80.5691
-149.27,-81.3393,-148.682,-92.8034,-91.0456,-147.048,-143.217,-90.931,-86.7442,-78.3546,-73.8189,-137.975
-105.152,-88.5775,-157.39,-94.7314,-91.5124,-143.957,-141.37,-137.8,-136.173,-77.1875,-69.6873,-136.173
-107.93,-77.4759,-145.922,-141.545,-137.818,-148.69,-142.082,-89.2329,-89.2329,-82.1808,-73.6362,-140.202
-142.532,-82.6496,-99.1645,-94.3531,-89.578,-152.085,-140.387,-138.091,-139.325,-82.2038,-126.293,-139.325
-143.3,-84.3141,-149.686,-145.627,-141.232,-151.746,-98.3768,-93.8532,-144.894,-139.792,-80.8059,-142.936
-78.5802,-87.7752,-81.93,-84.3415,-90.2295,-90.2295,-142.311,-94.328,-77.9511,-133.535,-139.852,-72.427
-73.8687,-83.575,-133.499,-81.3689,-138.287,-138.711,-87.4939,-140.646,-76.3687,-76.3687,-83.2971,-71.833
-73.4423,-134.55,-84.7277,-82.3162,-86.6131,-140.109,-87.9604,-139.647,-130.635,-127.679,-80.8133,-127.679
-73.4028,-78.9269,-86.5736,-82.2767,-84.6882,-140.329,-138.642,-139.408,-133.322,-75.6103,-131.194,-78.9602
-74.1236,-73.4202,-86.3455,-80.9204,-133.051,-142.233,-88.6887,-88.6887,-136.549,-77.9559,-130.434,-134.997
-77.2805,-71.7563,-88.9297,-134.992,-80.6303,-143.864,-141.078,-139.548,-87.1488,-79.9901,-129.268,-137.382
-146.106,-73.9507,-144.069,-87.1216,-82.8247,-96.5216,-93.0356,-91.1242,-143.272,-85.2362,-132.102,-142.383
-104.037,-74.4123,-143.867,-87.3376,-134.043,-145.22,-141.992,-137.831,-140.158,-134.473,-75.8806,-139.458
-93.0358,-77.0677,-94.1144,-139.975,-82.829,-146.928,-143.651,-89.7252,-93.5203,-87.5762,-80.4175,-143.651
-91.179,-82.8795,-148.588,-144.124,-87.1764,-149.691,-146.437,-143.361,-147.389,-142.563,-84.5273,-146.928
-152.792,-144.511,-136.396,-87.1187,-94.2774,-137.788,-87.5549,-91.4252,-80.3962,-82.8077,-139.954,-71.5222
-74.5739,-84.2803,-79.1096,-131.588,-86.038,-138.992,-138.992,-141.916,-134.204,-82.0741,-87.4992,-74.068
-73.7936,-82.6675,-82.6675,-79.3177,-137.029,-89.8262,-140.06,-139.449,-82.3026,-79.8911,-84.188,-76.5413
-72.9436,-77.0259,-82.7872,-129.653,-132.609,-139.329,-85.6158,-138.322,-84.0675,-79.7707,-134.132,-79.7707
-73.4931,-73.4931,-136.622,-130.507,-78.0288,-140.836,-137.911,-137.911,-137.911,-80.9933,-80.9933,-83.1994
-78.7966,-73.2724,-89.3051,-82.1464,-78.7966,-142.421,-139.005,-136.627,-87.535,-133.597,-79.2355,-136.627
-143.348,-76.5889,-94.7705,-139.825,-82.113,-148.697,-145.021,-137.266,-90.0848,-135.9,-79.8739,-88.1734
-97.1476,-74.6419,-92.5472,-137.77,-79.1776,-145.75,-141.984,-87.5672,-93.2739,-139.06,-82.1421,-89.8539
-94.7022,-78.7899,-145.937,-140.691,-82.1397,-145.018,-141.276,-137.861,-93.0067,-87.6092,-81.7212,-142.544
-142.869,-83.3112,-148.584,-143.686,-85.6496,-150.12,-143.718,-140.042,-95.7522,-141.728,-84.7805,-141.134
-91.2479,-141.909,-77.4908,-82.0265,-141.769,-138.929,-88.8154,-144.694,-87.0576,-140.48,-93.5905,-77.3513
-91.531,-100.076,-91.531,-86.8337,-95.3783,-95.3783,-142.285,-94.7109,-90.488,-90.488,-94.7109,-81.9434
-86.1506,-93.6508,-90.6863,-86.1506,-145.781,-95.2156,-93.4579,-96.6768,-95.2156,-138.967,-90.315,-81.9254
-98.8921,-90.1235,-145.218,-85.5878,-90.1235,-143.602,-88.8905,-140.981,-142.27,-87.5588,-89.3165,-85.3526
-87.4146,-81.6273,-141.969,-81.6273,-81.6273,-145.696,-141.969,-90.1719,-145.696,-141.969,-90.1719,-90.1719
-91.2023,-81.8504,-146.268,-82.2551,-77.7194,-143.637,-87.7583,-86.0006,-143.637,-87.7583,-137.872,-140.712
-146.119,-86.4891,-101.758,-146.119,-81.0733,-98.9786,-93.9986,-90.7796,-98.9786,-145.372,-90.6606,-96.2229
-93.6311,-85.0865,-151.652,-93.6311,-85.0865,-144.868,-89.1898,-84.9669,-144.868,-89.1898,-135.816,-91.0705
-140.295,-80.4123,-145.923,-88.8019,-80.4123,-147.465,-92.1157,-87.3406,-145.014,-140.768,-84.89,-142.079
-141.018,-134.162,-146.12,-141.018,-82.0318,-97.0366,-143.345,-138.95,-147.404,-143.345,-138.95,-143.363
-98.8976,-142.719,-75.2943,-133.446,-141.56,-84.1683,-86.5798,-143.726,-90.0134,-140.279,-143.695,-78.3785
-90.7433,-142.827,-79.6982,-75.2678,-84.9741,-134.898,-134.898,-88.1931,-88.1931,-138.736,-141.661,-131.333
-85.6815,-143.393,-85.6815,-75.5826,-84.4565,-86.868,-136.69,-88.7534,-142.93,-140.801,-142.967,-83.4088
-89.6148,-92.2672,-92.2672,-74.2825,-78.8265,-138.202,-82.1764,-84.5878,-141.734,-139.568,-140.728,-84.5878
-90.5831,-143.062,-147.625,-75.0855,-74.7944,-139.212,-82.2946,-82.2946,-91.0335,-87.7196,-139.212,-86.2584
-101.104,-148.755,-156.869,-148.755,-73.999,-91.1725,-137.235,-82.873,-93.902,-140.924,-139.765,-89.5318
-144.636,-139.552,-149.832,-89.221,-72.476,-91.5608,-85.6468,-81.3499,-93.8149,-140.908,-138.742,-90.6576
-99.3137,-90.6413,-154.219,-147.308,-73.767,-143.221,-86.6923,-81.2672,-143.69,-88.8212,-135.566,-139.961
-103.668,-148.743,-108.974,-92.7219,-136.154,-100.574,-95.1763,-141.239,-149.748,-95.0689,-142.591,-146.198
-94.6701,-139.724,-99.6155,-142.192,-82.6343,-148.342,-143.879,-85.5118,-148.097,-144.449,-140.773,-95.9905
-100.918,-94.483,-77.3096,-79.2326,-139.974,-79.2326,-82.5824,-141.134,-142.131,-91.1093,-145.036,-81.8017
-142.625,-147.413,-82.9948,-74.2636,-135.841,-78.7993,-78.7993,-137.392,-89.5322,-137.004,-88.4238,-130.149
-144.375,-96.438,-88.7913,-74.7401,-83.614,-135.848,-80.2642,-86.0255,-139.047,-138.157,-88.8102,-81.0108
-97.1852,-147.439,-93.0775,-69.3435,-74.8676,-80.6289,-74.8676,-78.2175,-139.462,-137.775,-138.665,-82.5143
-104.063,-145.374,-95.45,-74.2438,-74.136,-137.265,-78.6717,-78.6717,-142.888,-140.561,-89.3441,-87.0008
-142.93,-83.1719,-140.564,-78.4364,-72.9123,-88.9449,-81.7862,-78.4364,-94.2512,-141.246,-89.0975,-140.356
-107.25,-98.7681,-158.326,-90.0831,-73.4982,-91.6798,-84.7836,-79.0223,-96.069,-92.583,-90.6716,-143.617
-146.213,-141.425,-98.9067,-141.65,-73.7632,-142.576,-136.892,-78.2989,-145.804,-142.576,-89.0318,-143.217
-101.746,-143.371,-101.474,-92.5527,-80.7476,-144.644,-139.398,-80.8467,-146.556,-92.5108,-89.3534,-144.367
-150.353,-93.4055,-153.921,-146.488,-86.4878,-101.263,-95.7954,-140.85,-154.063,-146.881,-143.594,-148.057
-103.28,-146.573,-79.2301,-83.7658,-141.579,-77.1615,-134.176,-90.0867,-89.7778,-141.479,-93.1718,-134.243
-141.542,-93.9673,-81.1999,-80.5185,-140.86,-80.5185,-80.5185,-140.86,-140.005,-140.005,-91.1666,-81.984
-100.102,-103.321,-147.41,-90.3958,-97.896,-92.3299,-85.1527,-143.59,-146.412,-89.6674,-141.685,-83.6943
-105.268,-139.143,-83.5148,-76.0146,-133.029,-135.645,-76.0146,-80.5503,-140.371,-138.495,-139.195,-83.3072
-105.955,-142.167,-142.167,-81.8254,-81.2032,-89.7478,-81.2032,-81.2032,-149.202,-89.4729,-139.588,-85.7901
-142.449,-89.0266,-143.738,-136.335,-78.3361,-91.2614,-82.8718,-78.3361,-145.885,-140.277,-88.5764,-87.7034
-144.327,-89.6154,-146.395,-87.4093,-79.9091,-143.316,-84.3299,-76.8297,-144.488,-141.901,-139.204,-139.904
-98.8747,-94.6518,-152.673,-94.6518,-86.1072,-142.15,-84.1288,-75.5842,-146.798,-142.997,-141.116,-142.997
-141.127,-85.2486,-143.831,-86.7098,-78.3202,-141.858,-84.7373,-76.3477,-95.5624,-92.3181,-140.625,-143.401
-146.294,-141.899,-149.07,-140.836,-81.8498,-95.4002,-140.836,-81.8498,-149.282,-95.9126,-141.497,-94.5479
-141.092,-144.508,-131.818,-82.5409,-141.092,-73.6669,-78.5429,-139.285,-140.993,-90.6839,-92.8497,-134.973
-94.0996,-97.4135,-85.71,-85.71,-144.303,-72.6485,-72.6485,-134.226,-139.767,-89.0237,-136.117,-77.4535
-137.801,-133.87,-126.546,-70.9622,-76.7235,-70.9622,-65.4381,-74.312,-87.4148,-137.546,-138.633,-132.863
-141.897,-91.6638,-86.9165,-133.782,-84.5051,-84.5051,-73.4825,-79.0066,-143.072,-139.743,-140.306,-136.067
-93.1426,-138.463,-137.174,-131.06,-78.581,-135.623,-74.0453,-74.0453,-143.36,-138.193,-138.193,-84.386
-145.058,-143.898,-93.6652,-86.5065,-83.1566,-92.3516,-77.2748,-71.7507,-145.423,-92.4463,-141.521,-140.254
-146.882,-140.653,-143.709,-137.623,-79.9115,-90.6021,-134.536,-72.4104,-142.319,-89.5049,-88.273,-139.042
-142.907,-88.4898,-144.377,-87.0286,-132.579,-142.01,-135.474,-71.2139,-94.9643,-140.777,-139.234,-140.296
-149.633,-94.8248,-100.769,-143.935,-85.3835,-145.015,-139.173,-78.4316,-99.8866,-147.49,-144.298,-146.21
-148.151,-142.33,-148.046,-143.22,-137.134,-142.787,-137.533,-130.209,-97.0601,-94.153,-142.296,-144.857
-95.5514,-145.828,-134.827,-136.955,-90.8932,-73.7197,-131.871,-88.4388,-140.232,-140.693,-142.302,-83.7195
-139.182,-90.6014,-132.326,-80.1963,-85.6214,-72.6961,-72.6961,-134.273,-144.023,-90.8976,-142.719,-136.333
-89.8502,-142.295,-83.4617,-81.0503,-85.3471,-77.7004,-72.1763,-81.0503,-90.3679,-89.8453,-141.3,-136.04
-140.406,-90.1555,-136.873,-80.8478,-83.2593,-80.8478,-71.9738,-77.498,-142.953,-142.057,-141.926,-137.897
-90.4699,-90.1211,-139.271,-82.3527,-134.483,-84.5588,-74.8525,-74.4455,-143.905,-142.622,-142.622,-139.846
-143.765,-89.724,-89.724,-135.786,-133.658,-138.816,-76.6634,-71.1392,-96.6121,-139.519,-139.057,-137.479
-139.991,-138.304,-88.9574,-83.0434,-78.7465,-87.046,-78.7465,-69.8726,-146.322,-91.5213,-139.466,-138.975
-145.743,-90.3513,-144.537,-88.008,-82.583,-140.419,-133.883,-72.3057,-97.1452,-145.178,-142.332,-142.785
-98.9279,-92.3015,-96.6907,-91.2933,-137.356,-142.411,-136.569,-128.454,-148.253,-146.059,-144.45,-145.687
-150.806,-95.5285,-151.026,-95.5285,-89.6145,-145.406,-140.152,-80.5946,-147.206,-144.928,-143.061,-94.7375